<?xml version="1.0" ?>
<coverage version="7.1.0" timestamp="1675740411361" lines-valid="8" lines-covered="8" line-rate="1" branches-covered="0" branches-valid="0" branch-rate="0" complexity="0">
	<!-- Generated by coverage.py: https://coverage.readthedocs.io -->
	<!-- Based on https://raw.githubusercontent.com/cobertura/web/master/htdocs/xml/coverage-04.dtd -->
	<sources>
		<source>/Users/shing/proj/kng</source>
	</sources>
	<packages>
		<package name="kng" line-rate="1" branch-rate="0" complexity="0">
			<classes>
				<class name="__init__.py" filename="kng/__init__.py" complexity="0" line-rate="1" branch-rate="0">
					<methods/>
					<lines/>
				</class>
				<class name="misc.py" filename="kng/misc.py" complexity="0" line-rate="1" branch-rate="0">
					<methods/>
					<lines>
						<line number="4" hits="1"/>
						<line number="19" hits="1"/>
						<line number="21" hits="1"/>
						<line number="22" hits="1"/>
						<line number="23" hits="1"/>
					</lines>
				</class>
			</classes>
		</package>
		<package name="tests" line-rate="1" branch-rate="0" complexity="0">
			<classes>
				<class name="__init__.py" filename="tests/__init__.py" complexity="0" line-rate="1" branch-rate="0">
					<methods/>
					<lines/>
				</class>
				<class name="test_kng.py" filename="tests/test_kng.py" complexity="0" line-rate="1" branch-rate="0">
					<methods/>
					<lines>
						<line number="1" hits="1"/>
						<line number="4" hits="1"/>
						<line number="5" hits="1"/>
					</lines>
				</class>
			</classes>
		</package>
	</packages>
</coverage>
